0 0
0 26
1 0
1 26
2 0
2 26
3 0
3 26
4 0
4 26
5 0
5 26
6 0
6 26
7 0
7 26
8 0
8 26
9 0
9 26
10 0
10 26
11 0
11 26
12 0
12 26
13 0
13 26
14 0
14 26
15 0
15 26
16 0
16 26
17 0
17 26
18 0
18 26
19 0
19 26
20 0
20 26
21 0
21 26
22 0
22 26
23 0
23 26
24 0
24 26
25 0
25 26
26 0
26 26
27 0
27 26
28 0
28 26
29 0
29 26
30 0
30 26
31 0
31 26
32 0
32 26
33 0
33 26
34 0
34 26
35 0
35 26
36 0
36 26
37 0
37 26
38 0
38 26
39 0
39 26
40 0
40 26
41 0
41 26
42 0
42 26
43 0
43 26
44 0
44 26
45 0
45 26
46 0
46 26
47 0
47 26
48 0
48 26
49 0
49 26
50 0
50 26
51 0
51 26
52 0
52 26
53 0
53 26
54 0
54 26
55 0
55 26
56 0
56 26
57 0
57 26
58 0
58 26
59 0
59 26
60 0
60 26
61 0
61 26
62 0
62 26
63 0
63 26
64 0
64 26
65 0
65 26
66 0
66 26
67 0
67 26
68 0
68 26
69 0
69 26
70 0
70 26
71 0
71 26
72 0
72 26
73 0
73 26
74 0
74 26
75 0
75 26
76 0
76 26
77 0
77 26
78 0
78 26
79 0
79 26
80 0
80 26
81 0
81 26
82 0
82 26
83 0
83 26
84 0
84 26
85 0
85 26
86 0
86 26
87 0
87 26
88 0
88 26
89 0
89 26
90 0
90 26
91 0
91 26
92 0
92 26
93 0
93 26
94 0
94 26
