0 0
0 26
0 52
0 78
1 0
1 26
1 52
1 78
2 0
2 26
2 52
2 78
3 0
3 26
3 52
3 78
4 0
4 26
4 52
4 78
5 0
5 26
5 52
5 78
6 0
6 26
6 52
6 78
7 0
7 26
7 52
7 78
8 0
8 26
8 52
8 78
9 0
9 26
9 52
9 78
10 0
10 26
10 52
10 78
11 0
11 26
11 52
11 78
12 0
12 26
12 52
12 78
13 0
13 26
13 52
13 78
14 0
14 26
14 52
14 78
15 0
15 26
15 52
15 78
16 0
16 26
16 52
16 78
17 0
17 26
17 52
17 78
18 0
18 26
18 52
18 78
19 0
19 26
19 52
19 78
20 0
20 26
20 52
20 78
21 0
21 26
21 52
21 78
22 0
22 26
22 52
22 78
23 0
23 26
23 52
23 78
24 0
24 26
24 52
24 78
25 0
25 26
25 52
25 78
26 0
26 26
26 52
26 78
27 0
27 26
27 52
27 78
28 0
28 26
28 52
28 78
29 0
29 26
29 52
29 78
30 0
30 26
30 52
30 78
31 0
31 26
31 52
31 78
32 0
32 26
32 52
32 78
33 0
33 26
33 52
33 78
34 0
34 26
34 52
34 78
35 0
35 26
35 52
35 78
36 0
36 26
36 52
36 78
37 0
37 26
37 52
37 78
38 0
38 26
38 52
38 78
39 0
39 26
39 52
39 78
40 0
40 26
40 52
40 78
41 0
41 26
41 52
41 78
42 0
42 26
42 52
42 78
43 0
43 26
43 52
43 78
44 0
44 26
44 52
44 78
45 0
45 26
45 52
45 78
46 0
46 26
46 52
46 78
47 0
47 26
47 52
47 78
48 0
48 26
48 52
48 78
49 0
49 26
49 52
49 78
50 0
50 26
50 52
50 78
51 0
51 26
51 52
51 78
52 0
52 26
52 52
52 78
53 0
53 26
53 52
53 78
54 0
54 26
54 52
54 78
55 0
55 26
55 52
55 78
56 0
56 26
56 52
56 78
57 0
57 26
57 52
57 78
58 0
58 26
58 52
58 78
59 0
59 26
59 52
59 78
60 0
60 26
60 52
60 78
61 0
61 26
61 52
61 78
62 0
62 26
62 52
62 78
63 0
63 26
63 52
63 78
64 0
64 26
64 52
64 78
65 0
65 26
65 52
65 78
66 0
66 26
66 52
66 78
67 0
67 26
67 52
67 78
68 0
68 26
68 52
68 78
69 0
69 26
69 52
69 78
70 0
70 26
70 52
70 78
71 0
71 26
71 52
71 78
72 0
72 26
72 52
72 78
73 0
73 26
73 52
73 78
74 0
74 26
74 52
74 78
75 0
75 26
75 52
75 78
76 0
76 26
76 52
76 78
77 0
77 26
77 52
77 78
78 0
78 26
78 52
78 78
79 0
79 26
79 52
79 78
80 0
80 26
80 52
80 78
81 0
81 26
81 52
81 78
82 0
82 26
82 52
82 78
83 0
83 26
83 52
83 78
84 0
84 26
84 52
84 78
85 0
85 26
85 52
85 78
86 0
86 26
86 52
86 78
87 0
87 26
87 52
87 78
88 0
88 26
88 52
88 78
89 0
89 26
89 52
89 78
90 0
90 26
90 52
90 78
91 0
91 26
91 52
91 78
92 0
92 26
92 52
92 78
93 0
93 26
93 52
93 78
94 0
94 26
94 52
94 78
95 0
95 26
95 52
95 78
96 0
96 26
96 52
96 78
97 0
97 26
97 52
97 78
98 0
98 26
98 52
98 78
99 0
99 26
99 52
99 78
